<?xml version="1.0" encoding="UTF-8"?>
<!-- Generated by org.testng.reporters.JUnitReportReporter -->
<testsuite hostname="QT-INBG-LT0552" name="TestRunner.RunnerClass" tests="3" failures="0" timestamp="1 Aug 2019 10:36:55 GMT" time="44.269" errors="0">
  <testcase name="HotelBookingTest" time="24.641" classname="TestRunner.RunnerClass"/>
  <testcase name="FlightBookingTest" time="0.001" classname="TestRunner.RunnerClass"/>
  <testcase name="LoginTest" time="19.627" classname="TestRunner.RunnerClass"/>
</testsuite> <!-- TestRunner.RunnerClass -->
